# JRE version: OpenJDK Runtime Environment Temurin-21.0.6+7 (21.0.6+7) (build 21.0.6+7-LTS)
# Java VM: OpenJDK 64-Bit Server VM Temurin-21.0.6+7 (21.0.6+7-LTS, mixed mode, sharing, tiered, compressed oops, compressed class ptrs, g1 gc, windows-amd64)
GC Precious Log:
 CardTable entry size: 512
 Card Set container configuration: InlinePtr #cards 5 size 8 Array Of Cards #cards 12 size 40 Howl #buckets 4 coarsen threshold 1843 Howl Bitmap #cards 512 size 80 coarsen threshold 460 Card regions per heap region 1 cards per card region 2048
 CPUs: 8 total, 8 available
 Memory: 7020M
 Large Page Support: Disabled
 NUMA Support: Disabled
 Compressed Oops: Enabled (32-bit)
 Heap Region Size: 1M
 Heap Min Capacity: 256M
 Heap Initial Capacity: 256M
 Heap Max Capacity: 512M
 Pre-touch: Disabled
 Parallel Workers: 8
 Concurrent Workers: 2
 Concurrent Refinement Workers: 8
 Periodic GC: Disabled
Heap:
 garbage-first heap   total 262144K, used 52766K [0x00000000e0000000, 0x0000000100000000)
  region size 1024K, 21 young (21504K), 1 survivors (1024K)
 Metaspace       used 39088K, committed 40576K, reserved 393216K
  class space    used 5544K, committed 6272K, reserved 327680K
GC Heap History (14 events):
Event: 5.822 GC heap before
{Heap before GC invocations=0 (full 0):
 garbage-first heap   total 262144K, used 22528K [0x00000000e0000000, 0x0000000100000000)
  region size 1024K, 23 young (23552K), 0 survivors (0K)
 Metaspace       used 1063K, committed 1216K, reserved 393216K
  class space    used 76K, committed 128K, reserved 327680K
}
Event: 6.311 GC heap after
{Heap after GC invocations=1 (full 0):
 garbage-first heap   total 262144K, used 1962K [0x00000000e0000000, 0x0000000100000000)
  region size 1024K, 2 young (2048K), 2 survivors (2048K)
 Metaspace       used 1063K, committed 1216K, reserved 393216K
  class space    used 76K, committed 128K, reserved 327680K
}
Event: 15.028 GC heap before
{Heap before GC invocations=1 (full 0):
 garbage-first heap   total 262144K, used 40874K [0x00000000e0000000, 0x0000000100000000)
  region size 1024K, 38 young (38912K), 2 survivors (2048K)
 Metaspace       used 4407K, committed 4608K, reserved 393216K
  class space    used 541K, committed 640K, reserved 327680K
}
Event: 15.037 GC heap after
{Heap after GC invocations=2 (full 0):
 garbage-first heap   total 262144K, used 11050K [0x00000000e0000000, 0x0000000100000000)
  region size 1024K, 5 young (5120K), 5 survivors (5120K)
 Metaspace       used 4407K, committed 4608K, reserved 393216K
  class space    used 541K, committed 640K, reserved 327680K
}
Event: 19.253 GC heap before
{Heap before GC invocations=2 (full 0):
 garbage-first heap   total 262144K, used 63274K [0x00000000e0000000, 0x0000000100000000)
  region size 1024K, 54 young (55296K), 5 survivors (5120K)
 Metaspace       used 5877K, committed 6080K, reserved 393216K
  class space    used 755K, committed 832K, reserved 327680K
}
Event: 19.266 GC heap after
{Heap after GC invocations=3 (full 0):
 garbage-first heap   total 262144K, used 18284K [0x00000000e0000000, 0x0000000100000000)
  region size 1024K, 6 young (6144K), 6 survivors (6144K)
 Metaspace       used 5877K, committed 6080K, reserved 393216K
  class space    used 755K, committed 832K, reserved 327680K
}
Event: 48.148 GC heap before
{Heap before GC invocations=3 (full 0):
 garbage-first heap   total 262144K, used 107372K [0x00000000e0000000, 0x0000000100000000)
  region size 1024K, 94 young (96256K), 6 survivors (6144K)
 Metaspace       used 20870K, committed 21504K, reserved 393216K
  class space    used 2972K, committed 3264K, reserved 327680K
}
Event: 48.163 GC heap after
{Heap after GC invocations=4 (full 0):
 garbage-first heap   total 262144K, used 24582K [0x00000000e0000000, 0x0000000100000000)
  region size 1024K, 12 young (12288K), 12 survivors (12288K)
 Metaspace       used 20870K, committed 21504K, reserved 393216K
  class space    used 2972K, committed 3264K, reserved 327680K
}
Event: 87.154 GC heap before
{Heap before GC invocations=5 (full 0):
 garbage-first heap   total 262144K, used 151558K [0x00000000e0000000, 0x0000000100000000)
  region size 1024K, 138 young (141312K), 12 survivors (12288K)
 Metaspace       used 36635K, committed 37760K, reserved 393216K
  class space    used 5134K, committed 5696K, reserved 327680K
}
Event: 87.513 GC heap after
{Heap after GC invocations=6 (full 0):
 garbage-first heap   total 262144K, used 33965K [0x00000000e0000000, 0x0000000100000000)
  region size 1024K, 16 young (16384K), 16 survivors (16384K)
 Metaspace       used 36635K, committed 37760K, reserved 393216K
  class space    used 5134K, committed 5696K, reserved 327680K
}
Event: 89.526 GC heap before
{Heap before GC invocations=6 (full 0):
 garbage-first heap   total 262144K, used 36013K [0x00000000e0000000, 0x0000000100000000)
  region size 1024K, 19 young (19456K), 16 survivors (16384K)
 Metaspace       used 36931K, committed 38080K, reserved 393216K
  class space    used 5184K, committed 5760K, reserved 327680K
}
Event: 89.717 GC heap after
{Heap after GC invocations=7 (full 0):
 garbage-first heap   total 262144K, used 34727K [0x00000000e0000000, 0x0000000100000000)
  region size 1024K, 2 young (2048K), 2 survivors (2048K)
 Metaspace       used 36931K, committed 38080K, reserved 393216K
  class space    used 5184K, committed 5760K, reserved 327680K
}
Event: 91.589 GC heap before
{Heap before GC invocations=7 (full 0):
 garbage-first heap   total 262144K, used 36775K [0x00000000e0000000, 0x0000000100000000)
  region size 1024K, 5 young (5120K), 2 survivors (2048K)
 Metaspace       used 37168K, committed 38400K, reserved 393216K
  class space    used 5233K, committed 5888K, reserved 327680K
}
Event: 91.607 GC heap after
{Heap after GC invocations=8 (full 0):
 garbage-first heap   total 262144K, used 33310K [0x00000000e0000000, 0x0000000100000000)
  region size 1024K, 1 young (1024K), 1 survivors (1024K)
 Metaspace       used 37168K, committed 38400K, reserved 393216K
  class space    used 5233K, committed 5888K, reserved 327680K
}

