# JRE version: OpenJDK Runtime Environment Temurin-21.0.6+7 (21.0.6+7) (build 21.0.6+7-LTS)
# Java VM: OpenJDK 64-Bit Server VM Temurin-21.0.6+7 (21.0.6+7-LTS, mixed mode, sharing, tiered, compressed oops, compressed class ptrs, g1 gc, windows-amd64)
GC Precious Log:
 CardTable entry size: 512
 Card Set container configuration: InlinePtr #cards 5 size 8 Array Of Cards #cards 12 size 40 Howl #buckets 4 coarsen threshold 1843 Howl Bitmap #cards 512 size 80 coarsen threshold 460 Card regions per heap region 1 cards per card region 2048
 CPUs: 8 total, 8 available
 Memory: 7020M
 Large Page Support: Disabled
 NUMA Support: Disabled
 Compressed Oops: Enabled (32-bit)
 Heap Region Size: 1M
 Heap Min Capacity: 256M
 Heap Initial Capacity: 256M
 Heap Max Capacity: 512M
 Pre-touch: Disabled
 Parallel Workers: 8
 Concurrent Workers: 2
 Concurrent Refinement Workers: 8
 Periodic GC: Disabled
Heap:
 garbage-first heap   total 262144K, used 45659K [0x00000000e0000000, 0x0000000100000000)
  region size 1024K, 15 young (15360K), 1 survivors (1024K)
 Metaspace       used 36892K, committed 38080K, reserved 393216K
  class space    used 5177K, committed 5760K, reserved 327680K
GC Heap History (14 events):
Event: 6.509 GC heap before
{Heap before GC invocations=0 (full 0):
 garbage-first heap   total 262144K, used 22528K [0x00000000e0000000, 0x0000000100000000)
  region size 1024K, 23 young (23552K), 0 survivors (0K)
 Metaspace       used 1065K, committed 1216K, reserved 393216K
  class space    used 76K, committed 128K, reserved 327680K
}
Event: 7.048 GC heap after
{Heap after GC invocations=1 (full 0):
 garbage-first heap   total 262144K, used 1877K [0x00000000e0000000, 0x0000000100000000)
  region size 1024K, 2 young (2048K), 2 survivors (2048K)
 Metaspace       used 1065K, committed 1216K, reserved 393216K
  class space    used 76K, committed 128K, reserved 327680K
}
Event: 16.031 GC heap before
{Heap before GC invocations=1 (full 0):
 garbage-first heap   total 262144K, used 41813K [0x00000000e0000000, 0x0000000100000000)
  region size 1024K, 38 young (38912K), 2 survivors (2048K)
 Metaspace       used 4404K, committed 4608K, reserved 393216K
  class space    used 540K, committed 640K, reserved 327680K
}
Event: 16.039 GC heap after
{Heap after GC invocations=2 (full 0):
 garbage-first heap   total 262144K, used 10727K [0x00000000e0000000, 0x0000000100000000)
  region size 1024K, 5 young (5120K), 5 survivors (5120K)
 Metaspace       used 4404K, committed 4608K, reserved 393216K
  class space    used 540K, committed 640K, reserved 327680K
}
Event: 21.330 GC heap before
{Heap before GC invocations=2 (full 0):
 garbage-first heap   total 262144K, used 66023K [0x00000000e0000000, 0x0000000100000000)
  region size 1024K, 57 young (58368K), 5 survivors (5120K)
 Metaspace       used 6513K, committed 6848K, reserved 393216K
  class space    used 849K, committed 1024K, reserved 327680K
}
Event: 21.341 GC heap after
{Heap after GC invocations=3 (full 0):
 garbage-first heap   total 262144K, used 18117K [0x00000000e0000000, 0x0000000100000000)
  region size 1024K, 6 young (6144K), 6 survivors (6144K)
 Metaspace       used 6513K, committed 6848K, reserved 393216K
  class space    used 849K, committed 1024K, reserved 327680K
}
Event: 48.899 GC heap before
{Heap before GC invocations=3 (full 0):
 garbage-first heap   total 262144K, used 105157K [0x00000000e0000000, 0x0000000100000000)
  region size 1024K, 92 young (94208K), 6 survivors (6144K)
 Metaspace       used 20917K, committed 21504K, reserved 393216K
  class space    used 2974K, committed 3264K, reserved 327680K
}
Event: 48.918 GC heap after
{Heap after GC invocations=4 (full 0):
 garbage-first heap   total 262144K, used 24536K [0x00000000e0000000, 0x0000000100000000)
  region size 1024K, 13 young (13312K), 13 survivors (13312K)
 Metaspace       used 20917K, committed 21504K, reserved 393216K
  class space    used 2974K, committed 3264K, reserved 327680K
}
Event: 90.385 GC heap before
{Heap before GC invocations=5 (full 0):
 garbage-first heap   total 262144K, used 135128K [0x00000000e0000000, 0x0000000100000000)
  region size 1024K, 123 young (125952K), 13 survivors (13312K)
 Metaspace       used 35095K, committed 36160K, reserved 393216K
  class space    used 4882K, committed 5440K, reserved 327680K
}
Event: 90.668 GC heap after
{Heap after GC invocations=6 (full 0):
 garbage-first heap   total 262144K, used 31826K [0x00000000e0000000, 0x0000000100000000)
  region size 1024K, 14 young (14336K), 14 survivors (14336K)
 Metaspace       used 35095K, committed 36160K, reserved 393216K
  class space    used 4882K, committed 5440K, reserved 327680K
}
Event: 92.249 GC heap before
{Heap before GC invocations=6 (full 0):
 garbage-first heap   total 262144K, used 33874K [0x00000000e0000000, 0x0000000100000000)
  region size 1024K, 17 young (17408K), 14 survivors (14336K)
 Metaspace       used 35388K, committed 36480K, reserved 393216K
  class space    used 4930K, committed 5504K, reserved 327680K
}
Event: 92.495 GC heap after
{Heap after GC invocations=7 (full 0):
 garbage-first heap   total 262144K, used 33391K [0x00000000e0000000, 0x0000000100000000)
  region size 1024K, 2 young (2048K), 2 survivors (2048K)
 Metaspace       used 35388K, committed 36480K, reserved 393216K
  class space    used 4930K, committed 5504K, reserved 327680K
}
Event: 94.109 GC heap before
{Heap before GC invocations=7 (full 0):
 garbage-first heap   total 262144K, used 37487K [0x00000000e0000000, 0x0000000100000000)
  region size 1024K, 7 young (7168K), 2 survivors (2048K)
 Metaspace       used 35678K, committed 36800K, reserved 393216K
  class space    used 4970K, committed 5504K, reserved 327680K
}
Event: 94.112 GC heap after
{Heap after GC invocations=8 (full 0):
 garbage-first heap   total 262144K, used 32347K [0x00000000e0000000, 0x0000000100000000)
  region size 1024K, 1 young (1024K), 1 survivors (1024K)
 Metaspace       used 35678K, committed 36800K, reserved 393216K
  class space    used 4970K, committed 5504K, reserved 327680K
}

