# JRE version: OpenJDK Runtime Environment Temurin-21.0.6+7 (21.0.6+7) (build 21.0.6+7-LTS)
# Java VM: OpenJDK 64-Bit Server VM Temurin-21.0.6+7 (21.0.6+7-LTS, mixed mode, sharing, tiered, compressed oops, compressed class ptrs, g1 gc, windows-amd64)
GC Precious Log:
 CardTable entry size: 512
 Card Set container configuration: InlinePtr #cards 5 size 8 Array Of Cards #cards 12 size 40 Howl #buckets 4 coarsen threshold 1843 Howl Bitmap #cards 512 size 80 coarsen threshold 460 Card regions per heap region 1 cards per card region 2048
 CPUs: 8 total, 8 available
 Memory: 7020M
 Large Page Support: Disabled
 NUMA Support: Disabled
 Compressed Oops: Enabled (32-bit)
 Heap Region Size: 1M
 Heap Min Capacity: 256M
 Heap Initial Capacity: 256M
 Heap Max Capacity: 512M
 Pre-touch: Disabled
 Parallel Workers: 8
 Concurrent Workers: 2
 Concurrent Refinement Workers: 8
 Periodic GC: Disabled
Heap:
 garbage-first heap   total 262144K, used 72824K [0x00000000e0000000, 0x0000000100000000)
  region size 1024K, 49 young (50176K), 16 survivors (16384K)
 Metaspace       used 54256K, committed 56192K, reserved 393216K
  class space    used 7684K, committed 8640K, reserved 327680K
GC Heap History (16 events):
Event: 4.728 GC heap before
{Heap before GC invocations=0 (full 0):
 garbage-first heap   total 262144K, used 22528K [0x00000000e0000000, 0x0000000100000000)
  region size 1024K, 23 young (23552K), 0 survivors (0K)
 Metaspace       used 1049K, committed 1152K, reserved 393216K
  class space    used 76K, committed 128K, reserved 327680K
}
Event: 5.578 GC heap after
{Heap after GC invocations=1 (full 0):
 garbage-first heap   total 262144K, used 1791K [0x00000000e0000000, 0x0000000100000000)
  region size 1024K, 2 young (2048K), 2 survivors (2048K)
 Metaspace       used 1049K, committed 1152K, reserved 393216K
  class space    used 76K, committed 128K, reserved 327680K
}
Event: 12.530 GC heap before
{Heap before GC invocations=1 (full 0):
 garbage-first heap   total 262144K, used 40703K [0x00000000e0000000, 0x0000000100000000)
  region size 1024K, 38 young (38912K), 2 survivors (2048K)
 Metaspace       used 4393K, committed 4608K, reserved 393216K
  class space    used 540K, committed 640K, reserved 327680K
}
Event: 12.542 GC heap after
{Heap after GC invocations=2 (full 0):
 garbage-first heap   total 262144K, used 10828K [0x00000000e0000000, 0x0000000100000000)
  region size 1024K, 5 young (5120K), 5 survivors (5120K)
 Metaspace       used 4393K, committed 4608K, reserved 393216K
  class space    used 540K, committed 640K, reserved 327680K
}
Event: 21.869 GC heap before
{Heap before GC invocations=2 (full 0):
 garbage-first heap   total 262144K, used 62028K [0x00000000e0000000, 0x0000000100000000)
  region size 1024K, 53 young (54272K), 5 survivors (5120K)
 Metaspace       used 5721K, committed 5952K, reserved 393216K
  class space    used 743K, committed 832K, reserved 327680K
}
Event: 21.879 GC heap after
{Heap after GC invocations=3 (full 0):
 garbage-first heap   total 262144K, used 17803K [0x00000000e0000000, 0x0000000100000000)
  region size 1024K, 6 young (6144K), 6 survivors (6144K)
 Metaspace       used 5721K, committed 5952K, reserved 393216K
  class space    used 743K, committed 832K, reserved 327680K
}
Event: 47.842 GC heap before
{Heap before GC invocations=3 (full 0):
 garbage-first heap   total 262144K, used 106891K [0x00000000e0000000, 0x0000000100000000)
  region size 1024K, 94 young (96256K), 6 survivors (6144K)
 Metaspace       used 20841K, committed 21504K, reserved 393216K
  class space    used 2948K, committed 3264K, reserved 327680K
}
Event: 47.859 GC heap after
{Heap after GC invocations=4 (full 0):
 garbage-first heap   total 262144K, used 24060K [0x00000000e0000000, 0x0000000100000000)
  region size 1024K, 12 young (12288K), 12 survivors (12288K)
 Metaspace       used 20841K, committed 21504K, reserved 393216K
  class space    used 2948K, committed 3264K, reserved 327680K
}
Event: 65.759 GC heap before
{Heap before GC invocations=5 (full 0):
 garbage-first heap   total 262144K, used 134652K [0x00000000e0000000, 0x0000000100000000)
  region size 1024K, 122 young (124928K), 12 survivors (12288K)
 Metaspace       used 35091K, committed 36096K, reserved 393216K
  class space    used 4884K, committed 5376K, reserved 327680K
}
Event: 65.788 GC heap after
{Heap after GC invocations=6 (full 0):
 garbage-first heap   total 262144K, used 32777K [0x00000000e0000000, 0x0000000100000000)
  region size 1024K, 15 young (15360K), 15 survivors (15360K)
 Metaspace       used 35091K, committed 36096K, reserved 393216K
  class space    used 4884K, committed 5376K, reserved 327680K
}
Event: 66.226 GC heap before
{Heap before GC invocations=6 (full 0):
 garbage-first heap   total 262144K, used 35849K [0x00000000e0000000, 0x0000000100000000)
  region size 1024K, 19 young (19456K), 15 survivors (15360K)
 Metaspace       used 35389K, committed 36416K, reserved 393216K
  class space    used 4936K, committed 5440K, reserved 327680K
}
Event: 66.242 GC heap after
{Heap after GC invocations=7 (full 0):
 garbage-first heap   total 262144K, used 32171K [0x00000000e0000000, 0x0000000100000000)
  region size 1024K, 9 young (9216K), 9 survivors (9216K)
 Metaspace       used 35389K, committed 36416K, reserved 393216K
  class space    used 4936K, committed 5440K, reserved 327680K
}
Event: 66.648 GC heap before
{Heap before GC invocations=7 (full 0):
 garbage-first heap   total 262144K, used 36267K [0x00000000e0000000, 0x0000000100000000)
  region size 1024K, 14 young (14336K), 9 survivors (9216K)
 Metaspace       used 35684K, committed 36736K, reserved 393216K
  class space    used 4975K, committed 5504K, reserved 327680K
}
Event: 66.660 GC heap after
{Heap after GC invocations=8 (full 0):
 garbage-first heap   total 262144K, used 32733K [0x00000000e0000000, 0x0000000100000000)
  region size 1024K, 9 young (9216K), 9 survivors (9216K)
 Metaspace       used 35684K, committed 36736K, reserved 393216K
  class space    used 4975K, committed 5504K, reserved 327680K
}
Event: 96.916 GC heap before
{Heap before GC invocations=9 (full 0):
 garbage-first heap   total 262144K, used 186333K [0x00000000e0000000, 0x0000000100000000)
  region size 1024K, 153 young (156672K), 9 survivors (9216K)
 Metaspace       used 51078K, committed 52928K, reserved 393216K
  class space    used 7187K, committed 8128K, reserved 327680K
}
Event: 96.978 GC heap after
{Heap after GC invocations=10 (full 0):
 garbage-first heap   total 262144K, used 40056K [0x00000000e0000000, 0x0000000100000000)
  region size 1024K, 16 young (16384K), 16 survivors (16384K)
 Metaspace       used 51078K, committed 52928K, reserved 393216K
  class space    used 7187K, committed 8128K, reserved 327680K
}

