# JRE version: OpenJDK Runtime Environment Temurin-21.0.6+7 (21.0.6+7) (build 21.0.6+7-LTS)
# Java VM: OpenJDK 64-Bit Server VM Temurin-21.0.6+7 (21.0.6+7-LTS, mixed mode, sharing, tiered, compressed oops, compressed class ptrs, g1 gc, windows-amd64)
GC Precious Log:
 CardTable entry size: 512
 Card Set container configuration: InlinePtr #cards 5 size 8 Array Of Cards #cards 12 size 40 Howl #buckets 4 coarsen threshold 1843 Howl Bitmap #cards 512 size 80 coarsen threshold 460 Card regions per heap region 1 cards per card region 2048
 CPUs: 8 total, 8 available
 Memory: 7020M
 Large Page Support: Disabled
 NUMA Support: Disabled
 Compressed Oops: Enabled (32-bit)
 Heap Region Size: 1M
 Heap Min Capacity: 256M
 Heap Initial Capacity: 256M
 Heap Max Capacity: 512M
 Pre-touch: Disabled
 Parallel Workers: 8
 Concurrent Workers: 2
 Concurrent Refinement Workers: 8
 Periodic GC: Disabled
Heap:
 garbage-first heap   total 262144K, used 70021K [0x00000000e0000000, 0x0000000100000000)
  region size 1024K, 38 young (38912K), 1 survivors (1024K)
 Metaspace       used 39169K, committed 40640K, reserved 393216K
  class space    used 5593K, committed 6336K, reserved 327680K
GC Heap History (14 events):
Event: 6.797 GC heap before
{Heap before GC invocations=0 (full 0):
 garbage-first heap   total 262144K, used 22528K [0x00000000e0000000, 0x0000000100000000)
  region size 1024K, 23 young (23552K), 0 survivors (0K)
 Metaspace       used 1055K, committed 1152K, reserved 393216K
  class space    used 76K, committed 128K, reserved 327680K
}
Event: 7.125 GC heap after
{Heap after GC invocations=1 (full 0):
 garbage-first heap   total 262144K, used 1962K [0x00000000e0000000, 0x0000000100000000)
  region size 1024K, 2 young (2048K), 2 survivors (2048K)
 Metaspace       used 1055K, committed 1152K, reserved 393216K
  class space    used 76K, committed 128K, reserved 327680K
}
Event: 15.798 GC heap before
{Heap before GC invocations=1 (full 0):
 garbage-first heap   total 262144K, used 40874K [0x00000000e0000000, 0x0000000100000000)
  region size 1024K, 38 young (38912K), 2 survivors (2048K)
 Metaspace       used 4421K, committed 4608K, reserved 393216K
  class space    used 541K, committed 640K, reserved 327680K
}
Event: 15.807 GC heap after
{Heap after GC invocations=2 (full 0):
 garbage-first heap   total 262144K, used 10890K [0x00000000e0000000, 0x0000000100000000)
  region size 1024K, 5 young (5120K), 5 survivors (5120K)
 Metaspace       used 4421K, committed 4608K, reserved 393216K
  class space    used 541K, committed 640K, reserved 327680K
}
Event: 20.454 GC heap before
{Heap before GC invocations=2 (full 0):
 garbage-first heap   total 262144K, used 63114K [0x00000000e0000000, 0x0000000100000000)
  region size 1024K, 54 young (55296K), 5 survivors (5120K)
 Metaspace       used 5712K, committed 5952K, reserved 393216K
  class space    used 742K, committed 896K, reserved 327680K
}
Event: 20.469 GC heap after
{Heap after GC invocations=3 (full 0):
 garbage-first heap   total 262144K, used 17628K [0x00000000e0000000, 0x0000000100000000)
  region size 1024K, 6 young (6144K), 6 survivors (6144K)
 Metaspace       used 5712K, committed 5952K, reserved 393216K
  class space    used 742K, committed 896K, reserved 327680K
}
Event: 64.352 GC heap before
{Heap before GC invocations=3 (full 0):
 garbage-first heap   total 262144K, used 107740K [0x00000000e0000000, 0x0000000100000000)
  region size 1024K, 95 young (97280K), 6 survivors (6144K)
 Metaspace       used 20877K, committed 21504K, reserved 393216K
  class space    used 2975K, committed 3264K, reserved 327680K
}
Event: 64.371 GC heap after
{Heap after GC invocations=4 (full 0):
 garbage-first heap   total 262144K, used 24077K [0x00000000e0000000, 0x0000000100000000)
  region size 1024K, 12 young (12288K), 12 survivors (12288K)
 Metaspace       used 20877K, committed 21504K, reserved 393216K
  class space    used 2975K, committed 3264K, reserved 327680K
}
Event: 88.439 GC heap before
{Heap before GC invocations=5 (full 0):
 garbage-first heap   total 262144K, used 135693K [0x00000000e0000000, 0x0000000100000000)
  region size 1024K, 123 young (125952K), 12 survivors (12288K)
 Metaspace       used 35131K, committed 36160K, reserved 393216K
  class space    used 4916K, committed 5440K, reserved 327680K
}
Event: 88.845 GC heap after
{Heap after GC invocations=6 (full 0):
 garbage-first heap   total 262144K, used 33220K [0x00000000e0000000, 0x0000000100000000)
  region size 1024K, 16 young (16384K), 16 survivors (16384K)
 Metaspace       used 35131K, committed 36160K, reserved 393216K
  class space    used 4916K, committed 5440K, reserved 327680K
}
Event: 88.888 GC heap before
{Heap before GC invocations=6 (full 0):
 garbage-first heap   total 262144K, used 34244K [0x00000000e0000000, 0x0000000100000000)
  region size 1024K, 17 young (17408K), 16 survivors (16384K)
 Metaspace       used 35134K, committed 36224K, reserved 393216K
  class space    used 4917K, committed 5440K, reserved 327680K
}
Event: 89.097 GC heap after
{Heap after GC invocations=7 (full 0):
 garbage-first heap   total 262144K, used 33792K [0x00000000e0000000, 0x0000000100000000)
  region size 1024K, 1 young (1024K), 1 survivors (1024K)
 Metaspace       used 35134K, committed 36224K, reserved 393216K
  class space    used 4917K, committed 5440K, reserved 327680K
}
Event: 91.973 GC heap before
{Heap before GC invocations=7 (full 0):
 garbage-first heap   total 262144K, used 35840K [0x00000000e0000000, 0x0000000100000000)
  region size 1024K, 4 young (4096K), 1 survivors (1024K)
 Metaspace       used 35356K, committed 36480K, reserved 393216K
  class space    used 4957K, committed 5504K, reserved 327680K
}
Event: 91.975 GC heap after
{Heap after GC invocations=8 (full 0):
 garbage-first heap   total 262144K, used 33157K [0x00000000e0000000, 0x0000000100000000)
  region size 1024K, 1 young (1024K), 1 survivors (1024K)
 Metaspace       used 35356K, committed 36480K, reserved 393216K
  class space    used 4957K, committed 5504K, reserved 327680K
}

